<?xml version="1.0" encoding="UTF-8"?>
<!-- Generated by org.testng.reporters.JUnitXMLReporter -->
<testsuite hostname="lin83002601" failures="2" tests="2" name="Test" time="26.743" errors="0" timestamp="9 Dec 2022 05:44:01 GMT">
  <testcase classname="runners.SearchManyFeature" name="runCukes" time="20.997">
    <failure type="cucumber.runtime.CucumberException" message="java.lang.AssertionError: null">
      <![CDATA[cucumber.runtime.CucumberException: java.lang.AssertionError: null
	at cucumber.api.testng.TestNGCucumberRunner.runCukes(TestNGCucumberRunner.java:57)
	at runners.SearchManyFeature.runCukes(SearchManyFeature.java:21)
	at java.base/java.util.concurrent.ThreadPoolExecutor.runWorker(ThreadPoolExecutor.java:1128)
	at java.base/java.util.concurrent.ThreadPoolExecutor$Worker.run(ThreadPoolExecutor.java:628)
	at java.base/java.lang.Thread.run(Thread.java:834)
Caused by: java.lang.AssertionError: null
	at steps.SearchManySteps.clicks_on_search_button(SearchManySteps.java:72)
	at ✽.And Clicks on search button(src/test/resources/features/search-many.feature:8)
... Removed 12 stack frames]]>
    </failure>
  </testcase> <!-- runCukes -->
  <testcase classname="runners.SearchOutlineFeature" name="runCukes" time="26.724">
    <failure type="cucumber.runtime.CucumberException" message="java.lang.AssertionError: null">
      <![CDATA[cucumber.runtime.CucumberException: java.lang.AssertionError: null
	at cucumber.api.testng.TestNGCucumberRunner.runCukes(TestNGCucumberRunner.java:57)
	at runners.SearchOutlineFeature.runCukes(SearchOutlineFeature.java:19)
	at java.base/java.util.concurrent.ThreadPoolExecutor.runWorker(ThreadPoolExecutor.java:1128)
	at java.base/java.util.concurrent.ThreadPoolExecutor$Worker.run(ThreadPoolExecutor.java:628)
	at java.base/java.lang.Thread.run(Thread.java:834)
Caused by: java.lang.AssertionError: null
	at steps.SearchManySteps.clicks_on_search_button(SearchManySteps.java:72)
	at ✽.And Clicks on search button(src/test/resources/features/search-outline.feature:7)
... Removed 12 stack frames]]>
    </failure>
  </testcase> <!-- runCukes -->
</testsuite> <!-- Test -->
