<?xml version="1.0" encoding="UTF-8"?>
<testsuite xmlns:xsi="http://www.w3.org/2001/XMLSchema-instance" xsi:schemaLocation="https://maven.apache.org/surefire/maven-surefire-plugin/xsd/surefire-test-report.xsd" name="TestSuite" time="27.772" tests="2" errors="0" skipped="0" failures="2">
  <properties>
    <property name="jansi.mode" value="strip"/>
    <property name="java.runtime.name" value="Java(TM) SE Runtime Environment"/>
    <property name="java.vm.version" value="11.0.16.1+1-LTS-1"/>
    <property name="sun.boot.library.path" value="C:\Users\dulkumar\Downloads\jdk-11.0.16.1_windows-x64_bin\jdk-11.0.16.1\bin"/>
    <property name="maven.multiModuleProjectDirectory" value="C:\Users\dulkumar\eclipse-workspace\CucumberParllelTestingTestNGPageFactory"/>
    <property name="java.vm.vendor" value="Oracle Corporation"/>
    <property name="java.vendor.url" value="https://openjdk.java.net/"/>
    <property name="guice.disable.misplaced.annotation.check" value="true"/>
    <property name="path.separator" value=";"/>
    <property name="java.vm.name" value="Java HotSpot(TM) 64-Bit Server VM"/>
    <property name="sun.os.patch.level" value=""/>
    <property name="user.script" value=""/>
    <property name="user.country" value="IN"/>
    <property name="sun.java.launcher" value="SUN_STANDARD"/>
    <property name="java.vm.specification.name" value="Java Virtual Machine Specification"/>
    <property name="user.dir" value="C:\Users\dulkumar\eclipse-workspace\CucumberParllelTestingTestNGPageFactory"/>
    <property name="java.vm.compressedOopsMode" value="32-bit"/>
    <property name="java.runtime.version" value="11.0.16.1+1-LTS-1"/>
    <property name="java.awt.graphicsenv" value="sun.awt.Win32GraphicsEnvironment"/>
    <property name="os.arch" value="amd64"/>
    <property name="java.io.tmpdir" value="C:\Users\dulkumar\AppData\Local\Temp\"/>
    <property name="line.separator" value="&#10;"/>
    <property name="java.vm.specification.vendor" value="Oracle Corporation"/>
    <property name="user.variant" value=""/>
    <property name="os.name" value="Windows 11"/>
    <property name="classworlds.conf" value="C:\Users\dulkumar\eclipse-workspace\.metadata\.plugins\org.eclipse.m2e.launching\launches\m2conf17876442189277612988.tmp"/>
    <property name="sun.jnu.encoding" value="Cp1252"/>
    <property name="java.library.path" value="C:\Users\dulkumar\Downloads\jdk-11.0.16.1_windows-x64_bin\jdk-11.0.16.1\bin;C:\WINDOWS\Sun\Java\bin;C:\WINDOWS\system32;C:\WINDOWS;C:/Users/dulkumar/.p2/pool/plugins/org.eclipse.justj.openjdk.hotspot.jre.full.win32.x86_64_17.0.4.v20220903-1038/jre/bin/server;C:/Users/dulkumar/.p2/pool/plugins/org.eclipse.justj.openjdk.hotspot.jre.full.win32.x86_64_17.0.4.v20220903-1038/jre/bin;C:\WINDOWS\system32;C:\WINDOWS;C:\WINDOWS\System32\Wbem;C:\WINDOWS\System32\WindowsPowerShell\v1.0\;C:\WINDOWS\System32\OpenSSH\;C:\Program Files\Java\jdk1.8.0_333\bin;C:\APACHE-MAVEN-3.8.5-BIN\APACHE-MAVEN-3.8.5\bin;C:\Program Files\JAVA\jdk-19.0.1\bin;C:\Users\dulkumar\Downloads\apache-jmeter-5.5\bin;C:\Program Files\NVM;C:\Program Files\nodejs;C:\Program Files\nodejs\;C:\Program Files\dotnet\;C:\Users\dulkumar\AppData\Local\Microsoft\WindowsApps;;C:\Users\dulkumar\AppData\Local\Programs\Microsoft VS Code\bin;C:\Users\dulkumar\Desktop;;."/>
    <property name="jdk.debug" value="release"/>
    <property name="java.class.version" value="55.0"/>
    <property name="java.specification.name" value="Java Platform API Specification"/>
    <property name="sun.management.compiler" value="HotSpot 64-Bit Tiered Compilers"/>
    <property name="os.version" value="10.0"/>
    <property name="user.home" value="C:\Users\dulkumar"/>
    <property name="user.timezone" value="Asia/Calcutta"/>
    <property name="java.awt.printerjob" value="sun.awt.windows.WPrinterJob"/>
    <property name="file.encoding" value="UTF-8"/>
    <property name="java.specification.version" value="11"/>
    <property name="user.name" value="dulkumar"/>
    <property name="java.class.path" value="C:\Users\dulkumar\.p2\pool\plugins\org.eclipse.m2e.maven.runtime_1.18.3.20220227-1319\jars\plexus-classworlds-2.6.0.jar"/>
    <property name="java.vm.specification.version" value="11"/>
    <property name="sun.arch.data.model" value="64"/>
    <property name="sun.java.command" value="org.codehaus.plexus.classworlds.launcher.Launcher -B install"/>
    <property name="java.home" value="C:\Users\dulkumar\Downloads\jdk-11.0.16.1_windows-x64_bin\jdk-11.0.16.1"/>
    <property name="user.language" value="en"/>
    <property name="java.specification.vendor" value="Oracle Corporation"/>
    <property name="awt.toolkit" value="sun.awt.windows.WToolkit"/>
    <property name="java.vm.info" value="mixed mode"/>
    <property name="java.version" value="11.0.16.1"/>
    <property name="java.vendor" value="Oracle Corporation"/>
    <property name="maven.home" value="C:\Users\dulkumar\eclipse-workspace\CucumberParllelTestingTestNGPageFactory\EMBEDDED"/>
    <property name="file.separator" value="\"/>
    <property name="java.version.date" value="2022-08-18"/>
    <property name="java.vendor.url.bug" value="https://bugreport.java.com/bugreport/"/>
    <property name="sun.io.unicode.encoding" value="UnicodeLittle"/>
    <property name="sun.cpu.endian" value="little"/>
    <property name="java.vendor.version" value="18.9"/>
    <property name="sun.desktop" value="windows"/>
    <property name="sun.cpu.isalist" value="amd64"/>
  </properties>
  <testcase name="runCukes" classname="runners.SearchManyFeature" time="21.015">
    <failure message="java.lang.AssertionError: null" type="cucumber.runtime.CucumberException">cucumber.runtime.CucumberException: java.lang.AssertionError: null
	at runners.SearchManyFeature.runCukes(SearchManyFeature.java:21)
Caused by: java.lang.AssertionError: null
</failure>
    <system-out><![CDATA[[TestNGContentHandler] [WARN] It is strongly recommended to add "<!DOCTYPE suite SYSTEM "http://testng.org/testng-1.0.dtd" >" at the top of your file, otherwise TestNG may fail or not work as expected.
alex
alex
--------------------------------------
--------------------------------------
alex
alex
--------------------------------------
--------------------------------------

&amp#27;[31mFailed scenarios:&amp#27;[0m
&amp#27;[31msrc/test/resources/features/search-many.feature:3 &amp#27;[0m# Scenario: Direct Search on Google Edge
&amp#27;[31msrc/test/resources/features/search-many.feature:11 &amp#27;[0m# Scenario: Direct Search on Google Chrome

2 Scenarios (&amp#27;[31m2 failed&amp#27;[0m)
8 Steps (&amp#27;[31m2 failed&amp#27;[0m, &amp#27;[32m6 passed&amp#27;[0m)
0m20.694s

java.lang.AssertionError: null
	at org.testng.Assert.fail(Assert.java:94)
	at org.testng.Assert.fail(Assert.java:101)
	at steps.SearchManySteps.clicks_on_search_button(SearchManySteps.java:72)
	at ?.And Clicks on search button(src/test/resources/features/search-many.feature:8)

java.lang.AssertionError: null
	at org.testng.Assert.fail(Assert.java:94)
	at org.testng.Assert.fail(Assert.java:101)
	at steps.SearchManySteps.clicks_on_search_button(SearchManySteps.java:72)
	at ?.And Clicks on search button(src/test/resources/features/search-many.feature:15)

]]></system-out>
    <system-err><![CDATA[Dec 09, 2022 11:13:34 AM org.openqa.selenium.remote.tracing.opentelemetry.OpenTelemetryTracer createTracer
INFO: Using OpenTelemetry for tracing
SLF4J: No SLF4J providers were found.
SLF4J: Defaulting to no-operation (NOP) logger implementation
SLF4J: See https://www.slf4j.org/codes.html#noProviders for further details.
]]></system-err>
  </testcase>
  <testcase name="runCukes" classname="runners.SearchOutlineFeature" time="26.725">
    <failure message="java.lang.AssertionError: null" type="cucumber.runtime.CucumberException">cucumber.runtime.CucumberException: java.lang.AssertionError: null
	at runners.SearchOutlineFeature.runCukes(SearchOutlineFeature.java:19)
Caused by: java.lang.AssertionError: null
</failure>
    <system-out><![CDATA[
&amp#27;[31mFailed scenarios:&amp#27;[0m
&amp#27;[31msrc/test/resources/features/search-outline.feature:11 &amp#27;[0m# Scenario Outline: Outline Scenario
&amp#27;[31msrc/test/resources/features/search-outline.feature:12 &amp#27;[0m# Scenario Outline: Outline Scenario

2 Scenarios (&amp#27;[31m2 failed&amp#27;[0m)
8 Steps (&amp#27;[31m2 failed&amp#27;[0m, &amp#27;[32m6 passed&amp#27;[0m)
0m26.423s

java.lang.AssertionError: null
	at org.testng.Assert.fail(Assert.java:94)
	at org.testng.Assert.fail(Assert.java:101)
	at steps.SearchManySteps.clicks_on_search_button(SearchManySteps.java:72)
	at ?.And Clicks on search button(src/test/resources/features/search-outline.feature:7)

java.lang.AssertionError: null
	at org.testng.Assert.fail(Assert.java:94)
	at org.testng.Assert.fail(Assert.java:101)
	at steps.SearchManySteps.clicks_on_search_button(SearchManySteps.java:72)
	at ?.And Clicks on search button(src/test/resources/features/search-outline.feature:7)

]]></system-out>
  </testcase>
</testsuite>